<?xml version="1.0" encoding="UTF-8"?>
<!-- Generated by org.testng.reporters.JUnitXMLReporter -->
<testsuite hostname="ip-172-31-76-122" ignored="0" name="Default test" tests="3" failures="0" timestamp="2021-06-20T07:00:18 UTC" time="2.035" errors="0">
  <testcase name="Logintest" time="0.387" classname="Shopping.NewApplication"/>
  <testcase name="selectcart" time="0.247" classname="Shopping.NewApplication"/>
  <testcase name="Opencart" time="0.076" classname="Shopping.NewApplication"/>
</testsuite> <!-- Default test -->
