<?xml version="1.0" encoding="UTF-8"?>
<!-- Generated by org.testng.reporters.JUnitXMLReporter -->
<testsuite hostname="ip-172-31-76-122" ignored="0" name="Default test" tests="4" failures="0" timestamp="2021-06-19T06:05:09 UTC" time="0.07" errors="0">
  <testcase name="HomePage2" time="0.012" classname="Test.Testcase2"/>
  <testcase name="HomePage3" time="0.001" classname="Test.Testcase2"/>
  <testcase name="HomePage4" time="0.001" classname="Test.Testcase2"/>
  <testcase name="HomePage1" time="0.001" classname="Test.Testcase2"/>
</testsuite> <!-- Default test -->
