<?xml version="1.0" encoding="UTF-8"?>
<!-- Generated by org.testng.reporters.JUnitXMLReporter -->
<testsuite hostname="ip-172-31-76-122" ignored="0" name="Test" tests="1" failures="1" timestamp="2021-06-20T04:00:17 UTC" time="5.221" errors="0">
  <testcase name="test1" time="3.543" classname="Test.Logintest">
    <failure type="java.lang.AssertionError" message="expected [The email or password you have entered  invalid.] but found [The email or password you have entered is invalid.]">
      <![CDATA[java.lang.AssertionError: expected [The email or password you have entered  invalid.] but found [The email or password you have entered is invalid.]
at Test.Logintest.test1(Logintest.java:71)
at java.util.ArrayList.forEach(ArrayList.java:1259)
... Removed 33 stack frames]]>
    </failure>
  </testcase> <!-- test1 -->
</testsuite> <!-- Test -->
