<?xml version="1.0" encoding="UTF-8"?>
<testng-results skipped="0" failed="0" ignored="0" total="1" passed="1">
  <reporter-output>
  </reporter-output>
  <suite name="Default suite" duration-ms="4597" started-at="2021-06-19T06:30:42 UTC" finished-at="2021-06-19T06:30:47 UTC">
    <groups>
    </groups>
    <test name="Default test" duration-ms="4597" started-at="2021-06-19T06:30:42 UTC" finished-at="2021-06-19T06:30:47 UTC">
      <class name="Test.Logintest">
        <test-method status="PASS" signature="test1()[pri:0, instance:Test.Logintest@2a17b7b6]" name="test1" duration-ms="4546" started-at="2021-06-19T06:30:42 UTC" description="Verify User is able to click on login button" finished-at="2021-06-19T06:30:47 UTC">
          <reporter-output>
          </reporter-output>
        </test-method> <!-- test1 -->
      </class> <!-- Test.Logintest -->
    </test> <!-- Default test -->
  </suite> <!-- Default suite -->
</testng-results>
