<?xml version="1.0" encoding="UTF-8"?>
<testng-results skipped="0" failed="0" ignored="0" total="1" passed="1">
  <reporter-output>
  </reporter-output>
  <suite name="Suite" duration-ms="4778" started-at="2021-06-26T04:54:54 UTC" finished-at="2021-06-26T04:54:58 UTC">
    <groups>
    </groups>
    <test name="Test" duration-ms="4778" started-at="2021-06-26T04:54:54 UTC" finished-at="2021-06-26T04:54:58 UTC">
      <class name="Test.Logintest">
        <test-method status="PASS" signature="Setup()[pri:0, instance:Test.Logintest@4b1c1ea0]" name="Setup" is-config="true" duration-ms="2012" started-at="2021-06-26T04:54:54 UTC" finished-at="2021-06-26T04:54:56 UTC">
          <reporter-output>
          </reporter-output>
        </test-method> <!-- Setup -->
        <test-method status="PASS" signature="test1(java.lang.String,java.lang.String)[pri:0, instance:Test.Logintest@4b1c1ea0]" name="test1" duration-ms="2371" started-at="2021-06-26T04:54:56 UTC" description="Verify User is able to click on login button" finished-at="2021-06-26T04:54:58 UTC">
          <params>
            <param index="0">
              <value>
                <![CDATA[abc@xyz.com]]>
              </value>
            </param>
            <param index="1">
              <value>
                <![CDATA[abc123]]>
              </value>
            </param>
          </params>
          <reporter-output>
          </reporter-output>
        </test-method> <!-- test1 -->
        <test-method status="PASS" signature="teardown()[pri:0, instance:Test.Logintest@4b1c1ea0]" name="teardown" is-config="true" duration-ms="354" started-at="2021-06-26T04:54:58 UTC" finished-at="2021-06-26T04:54:58 UTC">
          <reporter-output>
          </reporter-output>
        </test-method> <!-- teardown -->
      </class> <!-- Test.Logintest -->
    </test> <!-- Test -->
  </suite> <!-- Suite -->
</testng-results>
